(2022-06-17 17:58:15) : [MULTISTAR] : Not logged in ! Please log in !
(2022-06-17 17:58:15) : =====================(NEW EXECUTION OF MULTISTAR)=====================

(2022-06-17 17:58:15) : [MULTISTAR] : Getting current version on the server...
(2022-06-17 17:58:15) : [object Object]
(2022-06-17 17:58:15) : [MULTISTAR] : You are up to date!
(2022-06-17 18:5:5) : [MULTISTAR] : Not logged in ! Please log in !
(2022-06-17 18:5:5) : =====================(NEW EXECUTION OF MULTISTAR)=====================

(2022-06-17 18:5:5) : [MULTISTAR] : Getting current version on the server...
(2022-06-17 18:5:5) : [object Object]
(2022-06-17 18:5:5) : [MULTISTAR] : You are up to date!
(2022-06-17 18:5:55) : [MULTISTAR] : Not logged in ! Please log in !
(2022-06-17 18:5:55) : =====================(NEW EXECUTION OF MULTISTAR)=====================

(2022-06-17 18:5:55) : [MULTISTAR] : Getting current version on the server...
(2022-06-17 18:5:55) : [object Object]
(2022-06-17 18:5:55) : [MULTISTAR] : You are up to date!
(2022-06-17 18:13:38) : [MULTISTAR] : Not logged in ! Please log in !
(2022-06-17 18:13:38) : [MULTISTAR] : Getting current version on the server...
(2022-06-17 18:13:38) : =====================(NEW EXECUTION OF MULTISTAR)=====================

(2022-06-17 18:13:38) : [object Object]
(2022-06-17 18:13:38) : [MULTISTAR] : You are up to date!
(2022-06-17 18:14:7) : [MULTISTAR] : Not logged in ! Please log in !
(2022-06-17 18:14:7) : [MULTISTAR] : Getting current version on the server...
(2022-06-17 18:14:7) : =====================(NEW EXECUTION OF MULTISTAR)=====================

(2022-06-17 18:14:7) : [object Object]
(2022-06-17 18:14:7) : [MULTISTAR] : You are up to date!
(2022-06-17 18:14:39) : [MULTISTAR] : Not logged in ! Please log in !
(2022-06-17 18:14:39) : [MULTISTAR] : Getting current version on the server...
(2022-06-17 18:14:39) : =====================(NEW EXECUTION OF MULTISTAR)=====================

(2022-06-17 18:14:39) : [object Object]
(2022-06-17 18:14:39) : [MULTISTAR] : You are up to date!
(2022-06-17 18:17:15) : [MULTISTAR] : Not logged in ! Please log in !
(2022-06-17 18:17:15) : =====================(NEW EXECUTION OF MULTISTAR)=====================

(2022-06-17 18:17:15) : [MULTISTAR] : Getting current version on the server...
(2022-06-17 18:17:15) : [object Object]
(2022-06-17 18:17:15) : [MULTISTAR] : You are up to date!
(2022-06-17 18:17:25) : [MULTISTAR] : Not logged in ! Please log in !
(2022-06-17 18:17:25) : [MULTISTAR] : Getting current version on the server...
(2022-06-17 18:17:25) : =====================(NEW EXECUTION OF MULTISTAR)=====================

(2022-06-17 18:17:25) : [object Object]
(2022-06-17 18:17:25) : [MULTISTAR] : You are up to date!
(2022-06-17 18:17:25) : [MSMC]: OS Type => Windows_NT
(2022-06-17 18:17:25) : reg query "HKEY_LOCAL_MACHINE\SOFTWARE\Microsoft\Windows\CurrentVersion\App Paths\chrome.exe"
(2022-06-17 18:17:25) : [MSMC][Browser]: devtools listening on ws://127.0.0.1:55962/devtools/browser/1c8a8152-a9c7-4bd0-8dfb-0a12205665b1
(2022-06-17 18:17:25) : [MSMC]: Debug hook => http://127.0.0.1:55962
(2022-06-17 18:17:25) : [MULTISTAR] : [Starting] : Loading (%)
(2022-06-17 18:17:25) : [MULTISTAR] : [Loading] : Loading (%)
(2022-06-17 18:17:25) : [MULTISTAR] : [Loading] : Loading (LoadingEvent)
(2022-06-17 18:17:25) : [MULTISTAR] : [Loading] : Loading (LoadingEvent)
(2022-06-17 18:17:25) : [MULTISTAR] : [Loading] : Loading (LoadingEvent)
(2022-06-17 18:17:25) : [MULTISTAR] : [Loading] : Loading (LoadingEvent)
(2022-06-17 18:17:25) : [MULTISTAR] : [Loading] : Loading (LoadingEvent)
(2022-06-17 18:17:25) : [MULTISTAR] : [Loading] : Loading (LoadingEvent)
(2022-06-17 18:17:25) : [MULTISTAR] : [Loading] : Loading (LoadingEvent)
(2022-06-17 18:17:25) : [MULTISTAR] : Logged in successfully !
(2022-06-17 18:17:25) : [MULTISTAR] : Getting account information...
(2022-06-17 18:17:25) : [MULTISTAR] : Getting current version on the server...
(2022-06-17 18:17:25) : [object Object]
(2022-06-17 18:17:25) : [MULTISTAR] : You are up to date!
(2022-06-17 18:17:25) : [MULTISTAR] : Getting current version on the server...
(2022-06-17 18:17:25) : [object Object]
(2022-06-17 18:17:25) : [MULTISTAR] : You are up to date!
(2022-06-17 18:17:25) : [MULTISTAR] : Getting current version on the server...
(2022-06-17 18:17:25) : [object Object]
(2022-06-17 18:17:25) : [MULTISTAR] : You are up to date!
(2022-06-17 19:25:0) : [MULTISTAR] : Logged in successfully !
(2022-06-17 19:25:0) : [MULTISTAR] : Getting current version on the server...
(2022-06-17 19:25:0) : =====================(NEW EXECUTION OF MULTISTAR)=====================

(2022-06-17 19:25:0) : [object Object]
(2022-06-17 19:25:0) : [MULTISTAR] : You are up to date!
(2022-06-17 19:25:0) : [MULTISTAR] : Getting account information...
(2022-06-17 19:25:0) : [MULTISTAR] : Logged In !
(2022-06-17 23:10:0) : [MULTISTAR] : Logged in successfully !
(2022-06-17 23:10:0) : [object Object]
(2022-06-17 23:10:0) : =====================(NEW EXECUTION OF MULTISTAR)=====================

(2022-06-17 23:10:0) : [MULTISTAR] : Getting current version on the server...
(2022-06-17 23:10:0) : [MULTISTAR] : You are up to date!
(2022-06-17 23:10:0) : [MULTISTAR] : Getting account information...
(2022-06-17 23:10:0) : [MULTISTAR] : Logged In !
(2022-06-17 23:36:57) : [MULTISTAR] : Logged in successfully !
(2022-06-17 23:36:57) : =====================(NEW EXECUTION OF MULTISTAR)=====================

(2022-06-17 23:36:57) : [MULTISTAR] : Getting current version on the server...
(2022-06-17 23:36:57) : [object Object]
(2022-06-17 23:36:57) : [MULTISTAR] : You are up to date!
(2022-06-17 23:36:57) : [MULTISTAR] : Getting account information...
(2022-06-17 23:36:57) : [MULTISTAR] : Logged In !
(2022-06-17 23:39:36) : [MULTISTAR] : Not logged in ! Please log in !
(2022-06-17 23:39:36) : =====================(NEW EXECUTION OF MULTISTAR)=====================

(2022-06-17 23:39:36) : [MULTISTAR] : Getting current version on the server...
(2022-06-17 23:39:36) : [object Object]
(2022-06-17 23:39:36) : [MULTISTAR] : You are up to date!
(2022-06-17 23:39:36) : [MSMC]: OS Type => Windows_NT
(2022-06-17 23:39:36) : reg query "HKEY_LOCAL_MACHINE\SOFTWARE\Microsoft\Windows\CurrentVersion\App Paths\chrome.exe"
(2022-06-17 23:39:36) : [MSMC][Browser]: devtools listening on ws://127.0.0.1:62057/devtools/browser/aa77274c-7245-4631-8077-a87409fd8c2c
(2022-06-17 23:39:36) : [MSMC]: Debug hook => http://127.0.0.1:62057
(2022-06-17 23:39:36) : [MULTISTAR] : [Starting] : Loading (%)
(2022-06-17 23:39:36) : [MULTISTAR] : [Loading] : Loading (%)
(2022-06-17 23:39:36) : [MULTISTAR] : [Loading] : Loading (LoadingEvent)
(2022-06-17 23:39:36) : [MULTISTAR] : [Loading] : Loading (LoadingEvent)
(2022-06-17 23:39:36) : [MULTISTAR] : [Loading] : Loading (LoadingEvent)
(2022-06-17 23:39:36) : [MULTISTAR] : [Loading] : Loading (LoadingEvent)
(2022-06-17 23:39:36) : [MULTISTAR] : [Loading] : Loading (LoadingEvent)
(2022-06-17 23:39:36) : [MULTISTAR] : [Loading] : Loading (LoadingEvent)
(2022-06-17 23:39:36) : [MULTISTAR] : [Loading] : Loading (LoadingEvent)
(2022-06-17 23:39:36) : [MULTISTAR] : Logged in successfully !
(2022-06-17 23:39:36) : [MULTISTAR] : Getting account information...
(2022-06-17 23:41:12) : [MULTISTAR] : Logged in successfully !
(2022-06-17 23:41:12) : [object Object]
(2022-06-17 23:41:12) : [MULTISTAR] : Getting current version on the server...
(2022-06-17 23:41:12) : =====================(NEW EXECUTION OF MULTISTAR)=====================

(2022-06-17 23:41:12) : [MULTISTAR] : You are up to date!
(2022-06-17 23:41:12) : [MULTISTAR] : Getting account information...
(2022-06-17 23:41:12) : [MULTISTAR] : Logged In !
(2022-06-17 23:42:16) : [MULTISTAR] : Not logged in ! Please log in !
(2022-06-17 23:42:16) : =====================(NEW EXECUTION OF MULTISTAR)=====================

(2022-06-17 23:42:16) : [MULTISTAR] : Getting current version on the server...
(2022-06-17 23:42:16) : [MULTISTAR] : You are up to date!
(2022-06-17 23:42:16) : [object Object]
(2022-06-17 23:42:34) : [MULTISTAR] : Not logged in ! Please log in !
(2022-06-17 23:42:34) : =====================(NEW EXECUTION OF MULTISTAR)=====================

(2022-06-17 23:42:34) : [MULTISTAR] : Getting current version on the server...
(2022-06-17 23:42:34) : [object Object]
(2022-06-17 23:42:34) : [MULTISTAR] : You are up to date!
(2022-06-17 23:45:19) : [MULTISTAR] : Not logged in ! Please log in !
(2022-06-17 23:45:19) : =====================(NEW EXECUTION OF MULTISTAR)=====================

(2022-06-17 23:45:19) : [MULTISTAR] : Getting current version on the server...
(2022-06-17 23:45:19) : [object Object]
(2022-06-17 23:45:19) : [MULTISTAR] : You are up to date!
(2022-06-17 23:45:30) : [MULTISTAR] : Not logged in ! Please log in !
(2022-06-17 23:45:30) : =====================(NEW EXECUTION OF MULTISTAR)=====================

(2022-06-17 23:45:30) : [MULTISTAR] : Getting current version on the server...
(2022-06-17 23:45:30) : [object Object]
(2022-06-17 23:45:30) : [MULTISTAR] : You are up to date!
(2022-06-17 23:45:40) : [MULTISTAR] : Not logged in ! Please log in !
(2022-06-17 23:45:40) : =====================(NEW EXECUTION OF MULTISTAR)=====================

(2022-06-17 23:45:40) : [MULTISTAR] : Getting current version on the server...
(2022-06-17 23:45:40) : [MULTISTAR] : You are up to date!
(2022-06-17 23:45:40) : [object Object]
(2022-06-17 23:45:58) : [MULTISTAR] : Not logged in ! Please log in !
(2022-06-17 23:45:58) : [object Object]
(2022-06-17 23:45:58) : =====================(NEW EXECUTION OF MULTISTAR)=====================

(2022-06-17 23:45:58) : [MULTISTAR] : Getting current version on the server...
(2022-06-17 23:45:58) : [MULTISTAR] : You are up to date!
(2022-06-17 23:46:54) : [MULTISTAR] : Not logged in ! Please log in !
(2022-06-17 23:46:54) : [MULTISTAR] : You are up to date!
(2022-06-17 23:46:54) : [MULTISTAR] : Getting current version on the server...
(2022-06-17 23:46:54) : =====================(NEW EXECUTION OF MULTISTAR)=====================

(2022-06-17 23:46:54) : [object Object]
