(2022-05-30 20:36:9) : =====================(NEW EXECUTION OF MULTISTAR)=====================

(2022-05-30 20:36:9) : [MULTISTAR] : Getting current version on the server...
(2022-05-30 20:36:9) : [MULTISTAR] : You are up to date!
(2022-05-30 20:36:9) : [object Object]
(2022-05-30 20:40:2) : =====================(NEW EXECUTION OF MULTISTAR)=====================

(2022-05-30 20:40:2) : [MULTISTAR] : Getting current version on the server...
(2022-05-30 20:40:2) : [object Object]
(2022-05-30 20:40:2) : [MULTISTAR] : You are up to date!
(2022-05-30 20:41:54) : =====================(NEW EXECUTION OF MULTISTAR)=====================

(2022-05-30 20:41:54) : [MULTISTAR] : Getting current version on the server...
(2022-05-30 20:41:54) : [object Object]
(2022-05-30 20:41:54) : [MULTISTAR] : You are up to date!
(2022-05-30 20:41:54) : [MULTISTAR] : Getting current version on the server...
(2022-05-30 20:41:54) : [object Object]
(2022-05-30 20:41:54) : [MULTISTAR] : You are up to date!
(2022-05-30 20:41:54) : [MULTISTAR] : Getting current version on the server...
(2022-05-30 20:41:54) : [object Object]
(2022-05-30 20:41:54) : [MULTISTAR] : You are up to date!
(2022-05-30 20:41:54) : [MULTISTAR] : Getting current version on the server...
(2022-05-30 20:41:54) : [object Object]
(2022-05-30 20:41:54) : [MULTISTAR] : You are up to date!
(2022-05-30 20:44:25) : =====================(NEW EXECUTION OF MULTISTAR)=====================

(2022-05-30 20:44:25) : [object Object]
(2022-05-30 20:44:25) : [MULTISTAR] : You are up to date!
(2022-05-30 20:44:25) : [MULTISTAR] : Getting current version on the server...
(2022-05-30 20:45:10) : =====================(NEW EXECUTION OF MULTISTAR)=====================

(2022-05-30 20:45:10) : [MULTISTAR] : Getting current version on the server...
(2022-05-30 20:45:10) : [object Object]
(2022-05-30 20:45:10) : [MULTISTAR] : You are up to date!
(2022-05-30 20:45:52) : =====================(NEW EXECUTION OF MULTISTAR)=====================

(2022-05-30 20:45:52) : [MULTISTAR] : Getting current version on the server...
(2022-05-30 20:45:52) : [object Object]
(2022-05-30 20:45:52) : [MULTISTAR] : You are up to date!
(2022-05-30 20:46:21) : =====================(NEW EXECUTION OF MULTISTAR)=====================

(2022-05-30 20:46:21) : [MULTISTAR] : Getting current version on the server...
(2022-05-30 20:46:21) : [MULTISTAR] : You are up to date!
(2022-05-30 20:46:21) : [object Object]
(2022-05-30 20:46:59) : =====================(NEW EXECUTION OF MULTISTAR)=====================

(2022-05-30 20:46:59) : [MULTISTAR] : Getting current version on the server...
(2022-05-30 20:46:59) : [MULTISTAR] : You are up to date!
(2022-05-30 20:46:59) : [object Object]
(2022-05-30 20:47:15) : =====================(NEW EXECUTION OF MULTISTAR)=====================

(2022-05-30 20:47:15) : [MULTISTAR] : Getting current version on the server...
(2022-05-30 20:47:15) : [object Object]
(2022-05-30 20:47:15) : [MULTISTAR] : You are up to date!
(2022-05-30 20:47:26) : =====================(NEW EXECUTION OF MULTISTAR)=====================

(2022-05-30 20:47:26) : [MULTISTAR] : You are up to date!
(2022-05-30 20:47:26) : [MULTISTAR] : Getting current version on the server...
(2022-05-30 20:47:26) : [object Object]
(2022-05-30 20:47:26) : [MULTISTAR] : Getting current version on the server...
(2022-05-30 20:47:26) : [object Object]
(2022-05-30 20:47:26) : [MULTISTAR] : You are up to date!
(2022-05-30 20:47:26) : [MULTISTAR] : Getting current version on the server...
(2022-05-30 20:47:26) : [object Object]
(2022-05-30 20:47:26) : [MULTISTAR] : You are up to date!
(2022-05-30 20:47:26) : [MULTISTAR] : Getting current version on the server...
(2022-05-30 20:47:26) : [object Object]
(2022-05-30 20:47:26) : [MULTISTAR] : You are up to date!
(2022-05-30 20:47:26) : [MULTISTAR] : Getting current version on the server...
(2022-05-30 20:47:26) : [MULTISTAR] : You are up to date!
(2022-05-30 20:47:26) : [object Object]
(2022-05-30 20:47:26) : [MULTISTAR] : Getting current version on the server...
(2022-05-30 20:47:26) : [MULTISTAR] : You are up to date!
(2022-05-30 20:47:26) : [object Object]
(2022-05-30 20:47:26) : [MULTISTAR] : Getting current version on the server...
(2022-05-30 20:47:26) : [object Object]
(2022-05-30 20:47:26) : [MULTISTAR] : You are up to date!
(2022-05-30 20:47:26) : [MULTISTAR] : Getting current version on the server...
(2022-05-30 20:47:26) : [object Object]
(2022-05-30 20:47:26) : [MULTISTAR] : You are up to date!
(2022-05-30 20:47:26) : [MULTISTAR] : Getting current version on the server...
(2022-05-30 20:47:26) : [object Object]
(2022-05-30 20:47:26) : [MULTISTAR] : You are up to date!
(2022-05-30 20:47:26) : [MULTISTAR] : Getting current version on the server...
(2022-05-30 20:47:26) : [MULTISTAR] : You are up to date!
(2022-05-30 20:47:26) : [object Object]
(2022-05-30 20:47:26) : [MULTISTAR] : Getting current version on the server...
(2022-05-30 20:47:26) : [object Object]
(2022-05-30 20:47:26) : [MULTISTAR] : You are up to date!
(2022-05-30 20:49:14) : =====================(NEW EXECUTION OF MULTISTAR)=====================

(2022-05-30 20:49:14) : [MULTISTAR] : Getting current version on the server...
(2022-05-30 20:49:14) : [MULTISTAR] : You are up to date!
(2022-05-30 20:49:14) : [object Object]
(2022-05-30 20:50:50) : =====================(NEW EXECUTION OF MULTISTAR)=====================

(2022-05-30 20:50:50) : [MULTISTAR] : Getting current version on the server...
(2022-05-30 20:50:50) : [MULTISTAR] : You are up to date!
(2022-05-30 20:50:50) : [object Object]
(2022-05-30 20:51:32) : =====================(NEW EXECUTION OF MULTISTAR)=====================

(2022-05-30 20:51:32) : [MULTISTAR] : Getting current version on the server...
(2022-05-30 20:51:32) : [object Object]
(2022-05-30 20:51:32) : [MULTISTAR] : You are up to date!
(2022-05-30 20:52:49) : =====================(NEW EXECUTION OF MULTISTAR)=====================

(2022-05-30 20:52:49) : [object Object]
(2022-05-30 20:52:49) : [MULTISTAR] : Getting current version on the server...
(2022-05-30 20:52:49) : [MULTISTAR] : You are up to date!
(2022-05-30 20:53:1) : =====================(NEW EXECUTION OF MULTISTAR)=====================

(2022-05-30 20:53:1) : [MULTISTAR] : Getting current version on the server...
(2022-05-30 20:53:1) : [object Object]
(2022-05-30 20:53:1) : [MULTISTAR] : You are up to date!
(2022-05-30 20:53:13) : =====================(NEW EXECUTION OF MULTISTAR)=====================

(2022-05-30 20:53:13) : [MULTISTAR] : Getting current version on the server...
(2022-05-30 20:53:13) : [MULTISTAR] : You are up to date!
(2022-05-30 20:53:13) : [object Object]
(2022-05-30 20:54:18) : =====================(NEW EXECUTION OF MULTISTAR)=====================

(2022-05-30 20:54:18) : [MULTISTAR] : Getting current version on the server...
(2022-05-30 20:54:18) : [MULTISTAR] : You are up to date!
(2022-05-30 20:54:18) : [object Object]
(2022-05-30 20:54:35) : =====================(NEW EXECUTION OF MULTISTAR)=====================

(2022-05-30 20:54:35) : [MULTISTAR] : Getting current version on the server...
(2022-05-30 20:54:35) : [object Object]
(2022-05-30 20:54:35) : [MULTISTAR] : You are up to date!
(2022-05-30 20:54:47) : =====================(NEW EXECUTION OF MULTISTAR)=====================

(2022-05-30 20:54:47) : [MULTISTAR] : Getting current version on the server...
(2022-05-30 20:54:47) : [object Object]
(2022-05-30 20:54:47) : [MULTISTAR] : You are up to date!
(2022-05-30 20:57:4) : 123485146541841845154545454545454545454545454123485146541841845154545454545454545454545454123485146541841845154545454545454545454545454123485146541841845154545454545454545454545454123485146541841845154545454545454545454545454
(2022-05-30 20:57:4) : =====================(NEW EXECUTION OF MULTISTAR)=====================

(2022-05-30 20:57:4) : [MULTISTAR] : Getting current version on the server...
(2022-05-30 20:57:4) : [object Object]
(2022-05-30 20:57:4) : [MULTISTAR] : You are up to date!
(2022-05-30 20:57:14) : =====================(NEW EXECUTION OF MULTISTAR)=====================

(2022-05-30 20:57:14) : [MULTISTAR] : Getting current version on the server...
(2022-05-30 20:57:14) : [object Object]
(2022-05-30 20:57:14) : [MULTISTAR] : You are up to date!
(2022-05-30 20:57:14) : 123485146541841845154545454545454545454545454123485146541841845154545454545454545454545454123485146541841845154545454545454545454545454123485146541841845154545454545454545454545454123485146541841845154545454545454545454545454
(2022-05-30 20:58:15) : =====================(NEW EXECUTION OF MULTISTAR)======...
(2022-05-30 20:58:15) : [object Object]
(2022-05-30 20:58:15) : [MULTISTAR] : You are up to date!
(2022-05-30 20:58:15) : [MULTISTAR] : Getting current version on the server...
(2022-05-30 20:58:15) : 1234851465418418451545454545454545454545454541234851465...
(2022-05-30 20:58:31) : =====================(NEW EXECUTION OF MULTISTAR)======[...]
(2022-05-30 20:58:31) : [MULTISTAR] : Getting current version on the server...
(2022-05-30 20:58:31) : [MULTISTAR] : You are up to date!
(2022-05-30 20:58:31) : [object Object]
(2022-05-30 20:58:31) : 1234851465418418451545454545454545454545454541234851465[...]
(2022-05-30 20:58:34) : =====================(NEW EXECUTION OF MULTISTAR)======[...]
(2022-05-30 20:58:34) : [MULTISTAR] : You are up to date!
(2022-05-30 20:58:34) : [MULTISTAR] : Getting current version on the server...
(2022-05-30 20:58:34) : 123485146541841845154545454 545454545454545454123485146[...]
(2022-05-30 20:58:34) : [object Object]
(2022-05-30 20:58:43) : =====================(NEW EXECUTION OF MULTISTAR)======[...]
(2022-05-30 20:58:43) : [MULTISTAR] : Getting current version on the server...
(2022-05-30 20:58:43) : [object Object]
(2022-05-30 20:58:43) : [MULTISTAR] : You are up to date!
(2022-05-30 20:59:12) : =====================(NEW EXECUTION OF MULTISTAR)======[...]
(2022-05-30 20:59:12) : [MULTISTAR] : Getting current version on the server...
(2022-05-30 20:59:12) : [object Object]
(2022-05-30 20:59:12) : [MULTISTAR] : You are up to date!
(2022-05-30 20:59:24) : =====================(NEW EXECUTION OF MULTISTAR)======[...]
(2022-05-30 20:59:24) : [MULTISTAR] : Getting current version on the server...
(2022-05-30 20:59:24) : [object Object]
(2022-05-30 20:59:24) : [MULTISTAR] : You are up to date!
(2022-05-30 20:59:35) : =====================(NEW EXECUTION OF MULTISTAR)======[...]
(2022-05-30 20:59:35) : [MULTISTAR] : Getting current version on the server...
(2022-05-30 20:59:35) : [object Object]
(2022-05-30 20:59:35) : [MULTISTAR] : You are up to date!
(2022-05-30 20:59:47) : =====================(NEW EXECUTION OF MULTISTAR)======[...]
(2022-05-30 20:59:47) : [MULTISTAR] : Getting current version on the server...
(2022-05-30 20:59:47) : [MULTISTAR] : You are up to date!
(2022-05-30 20:59:47) : [object Object]
(2022-05-30 21:0:1) : =====================(NEW EXECUTION OF MULTISTAR)======[...]
(2022-05-30 21:0:1) : [MULTISTAR] : Getting current version on the server...
(2022-05-30 21:0:1) : [object Object]
(2022-05-30 21:0:1) : [MULTISTAR] : You are up to date!
(2022-05-30 21:0:21) : =====================(NEW EXECUTION OF MULTISTAR)======[...]
(2022-05-30 21:0:21) : [MULTISTAR] : Getting current version on the server...
(2022-05-30 21:0:21) : [object Object]
(2022-05-30 21:0:21) : [MULTISTAR] : You are up to date!
(2022-05-30 21:0:47) : =====================(NEW EXECUTION OF MULTISTAR)======[...]
(2022-05-30 21:0:47) : [MULTISTAR] : Getting current version on the server...
(2022-05-30 21:0:47) : [object Object]
(2022-05-30 21:0:47) : [MULTISTAR] : You are up to date!
(2022-05-30 21:1:0) : =====================(NEW EXECUTION OF MULTISTAR)======[...]
(2022-05-30 21:1:0) : [object Object]
(2022-05-30 21:1:0) : [MULTISTAR] : You are up to date!
(2022-05-30 21:1:0) : [MULTISTAR] : Getting current version on the server...
(2022-05-30 21:1:0) : [MULTISTAR] : Getting current version on the server...
(2022-05-30 21:1:0) : [object Object]
(2022-05-30 21:1:0) : [MULTISTAR] : You are up to date!
(2022-05-30 21:1:0) : [MULTISTAR] : Getting current version on the server...
(2022-05-30 21:1:0) : [object Object]
(2022-05-30 21:1:0) : [MULTISTAR] : You are up to date!
(2022-05-30 21:1:0) : [MULTISTAR] : Getting current version on the server...
(2022-05-30 21:1:0) : [object Object]
(2022-05-30 21:1:0) : [MULTISTAR] : You are up to date!
(2022-05-30 21:1:0) : [MULTISTAR] : Getting current version on the server...
(2022-05-30 21:1:0) : [object Object]
(2022-05-30 21:1:0) : [MULTISTAR] : You are up to date!
(2022-05-30 21:1:0) : [MULTISTAR] : Getting current version on the server...
(2022-05-30 21:1:0) : [object Object]
(2022-05-30 21:1:0) : [MULTISTAR] : You are up to date!
(2022-05-30 21:1:0) : [MULTISTAR] : Getting current version on the server...
(2022-05-30 21:1:0) : [object Object]
(2022-05-30 21:1:0) : [MULTISTAR] : You are up to date!
(2022-05-30 21:1:0) : [MULTISTAR] : Getting current version on the server...
(2022-05-30 21:1:0) : [object Object]
(2022-05-30 21:1:0) : [MULTISTAR] : You are up to date!
(2022-05-30 21:1:0) : [MULTISTAR] : Getting current version on the server...
(2022-05-30 21:1:0) : [object Object]
(2022-05-30 21:1:0) : [MULTISTAR] : You are up to date!
(2022-05-30 21:1:0) : [MULTISTAR] : Getting current version on the server...
(2022-05-30 21:1:0) : [object Object]
(2022-05-30 21:1:0) : [MULTISTAR] : You are up to date!
(2022-05-30 21:1:0) : [MULTISTAR] : Getting current version on the server...
(2022-05-30 21:1:0) : [object Object]
(2022-05-30 21:1:0) : [MULTISTAR] : You are up to date!
(2022-05-30 21:1:0) : [MULTISTAR] : Getting current version on the server...
(2022-05-30 21:1:0) : [object Object]
(2022-05-30 21:1:0) : [MULTISTAR] : You are up to date!
(2022-05-30 21:1:0) : [MULTISTAR] : Getting current version on the server...
(2022-05-30 21:1:0) : [object Object]
(2022-05-30 21:1:0) : [MULTISTAR] : You are up to date!
(2022-05-30 21:1:0) : [MULTISTAR] : Getting current version on the server...
(2022-05-30 21:1:0) : [object Object]
(2022-05-30 21:1:0) : [MULTISTAR] : You are up to date!
(2022-05-30 21:1:0) : [MULTISTAR] : Getting current version on the server...
(2022-05-30 21:1:0) : [object Object]
(2022-05-30 21:1:0) : [MULTISTAR] : You are up to date!
(2022-05-30 21:1:0) : [MSMC]: OS Type => Windows_NT
(2022-05-30 21:1:0) : reg query "HKEY_LOCAL_MACHINE\SOFTWARE\Microsoft\Window[...]
(2022-05-30 21:1:0) : reg query "HKEY_CURRENT_USER\SOFTWARE\Microsoft\Windows[...]
(2022-05-30 21:1:0) : reg query "HKEY_LOCAL_MACHINE\SOFTWARE\Microsoft\Window[...]
(2022-05-30 21:1:0) : reg query "HKEY_CURRENT_USER\SOFTWARE\Microsoft\Windows[...]
(2022-05-30 21:1:0) : reg query "HKEY_CURRENT_USER\SOFTWARE\Microsoft\Windows[...]
(2022-05-30 21:1:0) : reg query "HKEY_LOCAL_MACHINE\SOFTWARE\Microsoft\Window[...]
(2022-05-30 21:1:0) : reg query "HKEY_LOCAL_MACHINE\SOFTWARE\Microsoft\Window[...]
(2022-05-30 21:1:0) : reg query "HKEY_CURRENT_USER\SOFTWARE\Microsoft\Windows[...]
(2022-05-30 21:1:0) : reg query "HKEY_LOCAL_MACHINE\SOFTWARE\Microsoft\Window[...]
(2022-05-30 21:1:0) : [MSMC][Browser]: [10520:12112:0530/210118.263:error:ass[...]
(2022-05-30 21:1:0) : [MSMC][Browser]: devtools listening on ws://127.0.0.1:5[...]
(2022-05-30 21:1:0) : [MSMC]: Debug hook => http://127.0.0.1:54508
(2022-05-30 21:1:0) : [MULTISTAR] : [Loading] : Loading (%)
(2022-05-30 21:1:0) : [MULTISTAR] : [Starting] : Loading (%)
(2022-05-30 21:1:0) : [MSMC][Browser]: [10520:11044:0530/210122.902:error:pro[...]
(2022-05-30 21:1:0) : [MSMC][Browser]: [10520:7596:0530/210123.192:error:get_[...]
(2022-05-30 21:1:0) : [MULTISTAR] : [Loading] : Loading (LoadingEvent)
(2022-05-30 21:1:0) : [MULTISTAR] : [Loading] : Loading (LoadingEvent)
(2022-05-30 21:1:0) : [MULTISTAR] : [Loading] : Loading (LoadingEvent)
(2022-05-30 21:1:0) : [MULTISTAR] : [Loading] : Loading (LoadingEvent)
(2022-05-30 21:1:0) : [MULTISTAR] : [Loading] : Loading (LoadingEvent)
(2022-05-30 21:1:0) : [MULTISTAR] : [Loading] : Loading (LoadingEvent)
(2022-05-30 21:1:0) : [MULTISTAR] : [Loading] : Loading (LoadingEvent)
(2022-05-30 21:1:0) : [MULTISTAR] : Logged in successfully !
(2022-05-30 21:1:0) : [MULTISTAR] : Getting account information...
(2022-05-30 21:2:15) : =====================(NEW EXECUTION OF MULTISTAR)======[...]
(2022-05-30 21:2:15) : [MULTISTAR] : Getting current version on the server...
(2022-05-30 21:2:15) : [object Object]
(2022-05-30 21:2:15) : [MULTISTAR] : You are up to date!
(2022-05-30 21:2:15) : [MSMC]: OS Type => Windows_NT
(2022-05-30 21:2:15) : reg query "HKEY_LOCAL_MACHINE\SOFTWARE\Microsoft\Window[...]
(2022-05-30 21:2:15) : reg query "HKEY_CURRENT_USER\SOFTWARE\Microsoft\Windows[...]
(2022-05-30 21:2:15) : reg query "HKEY_LOCAL_MACHINE\SOFTWARE\Microsoft\Window[...]
(2022-05-30 21:2:15) : reg query "HKEY_LOCAL_MACHINE\SOFTWARE\Microsoft\Window[...]
(2022-05-30 21:2:15) : reg query "HKEY_CURRENT_USER\SOFTWARE\Microsoft\Windows[...]
(2022-05-30 21:2:15) : reg query "HKEY_CURRENT_USER\SOFTWARE\Microsoft\Windows[...]
(2022-05-30 21:2:15) : reg query "HKEY_LOCAL_MACHINE\SOFTWARE\Microsoft\Window[...]
(2022-05-30 21:2:15) : reg query "HKEY_LOCAL_MACHINE\SOFTWARE\Microsoft\Window[...]
(2022-05-30 21:2:15) : reg query "HKEY_CURRENT_USER\SOFTWARE\Microsoft\Windows[...]
(2022-05-30 21:2:15) : [MSMC][Browser]: [11788:6704:0530/210218.248:error:assi[...]
(2022-05-30 21:2:15) : [MSMC][Browser]: devtools listening on ws://127.0.0.1:5[...]
(2022-05-30 21:2:15) : [MSMC]: Debug hook => http://127.0.0.1:54552
(2022-05-30 21:2:15) : [MULTISTAR] : [Starting] : Loading (%)
(2022-05-30 21:2:15) : [MULTISTAR] : [Loading] : Loading (%)
(2022-05-30 21:2:15) : [MSMC][Browser]: [11788:11856:0530/210221.621:error:get[...]
(2022-05-30 21:2:15) : [MULTISTAR] : [Loading] : Loading (LoadingEvent)
(2022-05-30 21:2:15) : [MULTISTAR] : [Loading] : Loading (LoadingEvent)
(2022-05-30 21:2:15) : [MULTISTAR] : [Loading] : Loading (LoadingEvent)
(2022-05-30 21:2:15) : [MULTISTAR] : [Loading] : Loading (LoadingEvent)
(2022-05-30 21:2:15) : [MULTISTAR] : [Loading] : Loading (LoadingEvent)
(2022-05-30 21:2:15) : [MULTISTAR] : [Loading] : Loading (LoadingEvent)
(2022-05-30 21:2:15) : [MULTISTAR] : Logged in successfully !
(2022-05-30 21:2:15) : [MULTISTAR] : [Loading] : Loading (LoadingEvent)
(2022-05-30 21:2:15) : [MULTISTAR] : Getting account information...
(2022-05-30 21:2:58) : =====================(NEW EXECUTION OF MULTISTAR)======[...]
(2022-05-30 21:2:58) : [MULTISTAR] : Getting current version on the server...
(2022-05-30 21:2:58) : [object Object]
(2022-05-30 21:2:58) : [MULTISTAR] : You are up to date!
(2022-05-30 21:3:6) : =====================(NEW EXECUTION OF MULTISTAR)======[...]
(2022-05-30 21:3:6) : [MULTISTAR] : Getting current version on the server...
(2022-05-30 21:3:6) : [object Object]
(2022-05-30 21:3:6) : [MULTISTAR] : You are up to date!
(2022-05-30 21:3:18) : =====================(NEW EXECUTION OF MULTISTAR)======[...]
(2022-05-30 21:3:18) : [MULTISTAR] : Getting current version on the server...
(2022-05-30 21:3:18) : [object Object]
(2022-05-30 21:3:18) : [MULTISTAR] : You are up to date!
(2022-05-30 21:3:26) : =====================(NEW EXECUTION OF MULTISTAR)======[...]
(2022-05-30 21:3:26) : [MULTISTAR] : Getting current version on the server...
(2022-05-30 21:3:26) : [object Object]
(2022-05-30 21:3:26) : [MULTISTAR] : You are up to date!
(2022-05-30 21:3:26) : [MSMC]: OS Type => Windows_NT
(2022-05-30 21:3:26) : reg query "HKEY_CURRENT_USER\SOFTWARE\Microsoft\Windows[...]
(2022-05-30 21:3:26) : reg query "HKEY_LOCAL_MACHINE\SOFTWARE\Microsoft\Window[...]
(2022-05-30 21:3:26) : reg query "HKEY_CURRENT_USER\SOFTWARE\Microsoft\Windows[...]
(2022-05-30 21:3:26) : reg query "HKEY_LOCAL_MACHINE\SOFTWARE\Microsoft\Window[...]
(2022-05-30 21:3:26) : reg query "HKEY_LOCAL_MACHINE\SOFTWARE\Microsoft\Window[...]
(2022-05-30 21:3:26) : reg query "HKEY_CURRENT_USER\SOFTWARE\Microsoft\Windows[...]
(2022-05-30 21:3:26) : reg query "HKEY_LOCAL_MACHINE\SOFTWARE\Microsoft\Window[...]
(2022-05-30 21:3:26) : reg query "HKEY_CURRENT_USER\SOFTWARE\Microsoft\Windows[...]
(2022-05-30 21:3:26) : reg query "HKEY_LOCAL_MACHINE\SOFTWARE\Microsoft\Window[...]
(2022-05-30 21:3:26) : [MSMC][Browser]: [14112:6624:0530/210331.155:error:assi[...]
(2022-05-30 21:3:26) : [MSMC][Browser]: devtools listening on ws://127.0.0.1:5[...]
(2022-05-30 21:3:26) : [MSMC]: Debug hook => http://127.0.0.1:54599
(2022-05-30 21:3:26) : [MULTISTAR] : [Starting] : Loading (%)
(2022-05-30 21:3:26) : [MULTISTAR] : [Loading] : Loading (%)
(2022-05-30 21:3:26) : [MSMC][Browser]: [14112:6624:0530/210335.465:error:proc[...]
(2022-05-30 21:3:26) : [MSMC][Browser]: [14112:4716:0530/210335.551:error:get_[...]
(2022-05-30 21:3:26) : [MULTISTAR] : [Loading] : Loading (LoadingEvent)
(2022-05-30 21:3:26) : [MULTISTAR] : [Loading] : Loading (LoadingEvent)
(2022-05-30 21:3:26) : [MULTISTAR] : [Loading] : Loading (LoadingEvent)
(2022-05-30 21:3:26) : [MULTISTAR] : [Loading] : Loading (LoadingEvent)
(2022-05-30 21:3:26) : [MULTISTAR] : [Loading] : Loading (LoadingEvent)
(2022-05-30 21:3:26) : [MULTISTAR] : [Loading] : Loading (LoadingEvent)
(2022-05-30 21:3:26) : [MULTISTAR] : Logged in successfully !
(2022-05-30 21:3:26) : [MULTISTAR] : [Loading] : Loading (LoadingEvent)
(2022-05-30 21:3:26) : [MULTISTAR] : Getting account information...
(2022-05-30 21:4:21) : =====================(NEW EXECUTION OF MULTISTAR)======[...]
(2022-05-30 21:4:21) : [MULTISTAR] : Getting current version on the server...
(2022-05-30 21:4:21) : [MULTISTAR] : You are up to date!
(2022-05-30 21:4:21) : [object Object]
(2022-05-30 21:4:21) : [MSMC]: OS Type => Windows_NT
(2022-05-30 21:4:21) : reg query "HKEY_LOCAL_MACHINE\SOFTWARE\Microsoft\Window[...]
(2022-05-30 21:4:21) : reg query "HKEY_CURRENT_USER\SOFTWARE\Microsoft\Windows[...]
(2022-05-30 21:4:21) : reg query "HKEY_CURRENT_USER\SOFTWARE\Microsoft\Windows[...]
(2022-05-30 21:4:21) : reg query "HKEY_LOCAL_MACHINE\SOFTWARE\Microsoft\Window[...]
(2022-05-30 21:4:21) : reg query "HKEY_LOCAL_MACHINE\SOFTWARE\Microsoft\Window[...]
(2022-05-30 21:4:21) : reg query "HKEY_CURRENT_USER\SOFTWARE\Microsoft\Windows[...]
(2022-05-30 21:4:21) : reg query "HKEY_LOCAL_MACHINE\SOFTWARE\Microsoft\Window[...]
(2022-05-30 21:4:21) : reg query "HKEY_CURRENT_USER\SOFTWARE\Microsoft\Windows[...]
(2022-05-30 21:4:21) : reg query "HKEY_LOCAL_MACHINE\SOFTWARE\Microsoft\Window[...]
(2022-05-30 21:4:21) : [MSMC][Browser]: [7232:380:0530/210424.656:error:assist[...]
(2022-05-30 21:4:21) : [MSMC][Browser]: devtools listening on ws://127.0.0.1:5[...]
(2022-05-30 21:4:21) : [MSMC]: Debug hook => http://127.0.0.1:54639
(2022-05-30 21:4:21) : [MULTISTAR] : [Starting] : Loading (%)
(2022-05-30 21:4:21) : [MULTISTAR] : [Loading] : Loading (%)
(2022-05-30 21:4:21) : [MSMC][Browser]: [7232:5384:0530/210428.004:error:get_u[...]
(2022-05-30 21:4:21) : [MULTISTAR] : [Loading] : Loading (LoadingEvent)
(2022-05-30 21:4:21) : [MULTISTAR] : [Loading] : Loading (LoadingEvent)
(2022-05-30 21:4:21) : [MULTISTAR] : [Loading] : Loading (LoadingEvent)
(2022-05-30 21:4:21) : [MULTISTAR] : [Loading] : Loading (LoadingEvent)
(2022-05-30 21:4:21) : [MULTISTAR] : [Loading] : Loading (LoadingEvent)
(2022-05-30 21:4:21) : [MULTISTAR] : [Loading] : Loading (LoadingEvent)
(2022-05-30 21:4:21) : [MULTISTAR] : Logged in successfully !
(2022-05-30 21:4:21) : [MULTISTAR] : [Loading] : Loading (LoadingEvent)
(2022-05-30 21:4:21) : [MULTISTAR] : Getting account information...
(2022-05-30 21:4:58) : =====================(NEW EXECUTION OF MULTISTAR)======[...]
(2022-05-30 21:4:58) : [object Object]
(2022-05-30 21:4:58) : [MULTISTAR] : You are up to date!
(2022-05-30 21:4:58) : [MULTISTAR] : Getting current version on the server...
(2022-05-30 21:5:8) : =====================(NEW EXECUTION OF MULTISTAR)======[...]
(2022-05-30 21:5:8) : [MULTISTAR] : Getting current version on the server...
(2022-05-30 21:5:8) : [object Object]
(2022-05-30 21:5:8) : [MULTISTAR] : You are up to date!
(2022-05-30 21:5:8) : [MSMC]: OS Type => Windows_NT
(2022-05-30 21:5:8) : reg query "HKEY_CURRENT_USER\SOFTWARE\Microsoft\Windows[...]
(2022-05-30 21:5:8) : reg query "HKEY_LOCAL_MACHINE\SOFTWARE\Microsoft\Window[...]
(2022-05-30 21:5:8) : reg query "HKEY_LOCAL_MACHINE\SOFTWARE\Microsoft\Window[...]
(2022-05-30 21:5:8) : reg query "HKEY_CURRENT_USER\SOFTWARE\Microsoft\Windows[...]
(2022-05-30 21:5:8) : reg query "HKEY_LOCAL_MACHINE\SOFTWARE\Microsoft\Window[...]
(2022-05-30 21:5:8) : reg query "HKEY_LOCAL_MACHINE\SOFTWARE\Microsoft\Window[...]
(2022-05-30 21:5:8) : reg query "HKEY_LOCAL_MACHINE\SOFTWARE\Microsoft\Window[...]
(2022-05-30 21:5:8) : reg query "HKEY_CURRENT_USER\SOFTWARE\Microsoft\Windows[...]
(2022-05-30 21:5:8) : reg query "HKEY_CURRENT_USER\SOFTWARE\Microsoft\Windows[...]
(2022-05-30 21:5:8) : [MSMC][Browser]: [8104:2668:0530/210512.244:error:assis[...]
(2022-05-30 21:5:8) : [MSMC][Browser]: devtools listening on ws://127.0.0.1:5[...]
(2022-05-30 21:5:8) : [MSMC]: Debug hook => http://127.0.0.1:54674
(2022-05-30 21:5:8) : [MULTISTAR] : [Starting] : Loading (%)
(2022-05-30 21:5:8) : [MULTISTAR] : [Loading] : Loading (%)
(2022-05-30 21:5:8) : [MULTISTAR] : [Loading] : Loading (LoadingEvent)
(2022-05-30 21:5:8) : [MULTISTAR] : [Loading] : Loading (LoadingEvent)
(2022-05-30 21:5:8) : [MULTISTAR] : [Loading] : Loading (LoadingEvent)
(2022-05-30 21:5:8) : [MULTISTAR] : [Loading] : Loading (LoadingEvent)
(2022-05-30 21:5:8) : [MULTISTAR] : [Loading] : Loading (LoadingEvent)
(2022-05-30 21:5:8) : [MULTISTAR] : [Loading] : Loading (LoadingEvent)
(2022-05-30 21:5:8) : [MULTISTAR] : Logged in successfully !
(2022-05-30 21:5:8) : [MULTISTAR] : [Loading] : Loading (LoadingEvent)
(2022-05-30 21:5:8) : [MULTISTAR] : Getting account information...
(2022-05-30 21:5:28) : =====================(NEW EXECUTION OF MULTISTAR)======[...]
(2022-05-30 21:5:28) : [object Object]
(2022-05-30 21:5:28) : [MULTISTAR] : Getting current version on the server...
(2022-05-30 21:5:28) : [MULTISTAR] : You are up to date!
(2022-05-30 21:5:56) : =====================(NEW EXECUTION OF MULTISTAR)======[...]
(2022-05-30 21:5:56) : [MULTISTAR] : Getting current version on the server...
(2022-05-30 21:5:56) : [object Object]
(2022-05-30 21:5:56) : [MULTISTAR] : You are up to date!
(2022-05-30 21:7:3) : =====================(NEW EXECUTION OF MULTISTAR)======[...]
(2022-05-30 21:7:3) : [MULTISTAR] : Getting current version on the server...
(2022-05-30 21:7:3) : [object Object]
(2022-05-30 21:7:3) : [MULTISTAR] : You are up to date!
(2022-05-30 21:7:14) : =====================(NEW EXECUTION OF MULTISTAR)======[...]
(2022-05-30 21:7:14) : [MULTISTAR] : Getting current version on the server...
(2022-05-30 21:7:14) : [object Object]
(2022-05-30 21:7:14) : [MULTISTAR] : You are up to date!
(2022-05-30 21:7:52) : =====================(NEW EXECUTION OF MULTISTAR)======[...]
(2022-05-30 21:7:52) : [MULTISTAR] : Getting current version on the server...
(2022-05-30 21:7:52) : [object Object]
(2022-05-30 21:7:52) : [MULTISTAR] : You are up to date!
(2022-05-30 21:7:58) : =====================(NEW EXECUTION OF MULTISTAR)======[...]
(2022-05-30 21:7:58) : [MULTISTAR] : Getting current version on the server...
(2022-05-30 21:7:58) : [object Object]
(2022-05-30 21:7:58) : [MULTISTAR] : You are up to date!
(2022-05-30 21:8:8) : =====================(NEW EXECUTION OF MULTISTAR)======[...]
(2022-05-30 21:8:8) : [MULTISTAR] : Getting current version on the server...
(2022-05-30 21:8:8) : [object Object]
(2022-05-30 21:8:8) : [MULTISTAR] : You are up to date!
(2022-05-30 21:8:16) : =====================(NEW EXECUTION OF MULTISTAR)======[...]
(2022-05-30 21:8:16) : [MULTISTAR] : Getting current version on the server...
(2022-05-30 21:8:16) : [object Object]
(2022-05-30 21:8:16) : [MULTISTAR] : You are up to date!
(2022-05-30 21:8:28) : =====================(NEW EXECUTION OF MULTISTAR)======[...]
(2022-05-30 21:8:28) : [MULTISTAR] : Getting current version on the server...
(2022-05-30 21:8:28) : [object Object]
(2022-05-30 21:8:28) : [MULTISTAR] : You are up to date!
(2022-05-30 21:8:38) : =====================(NEW EXECUTION OF MULTISTAR)======[...]
(2022-05-30 21:8:38) : [MULTISTAR] : Getting current version on the server...
(2022-05-30 21:8:38) : [MULTISTAR] : You are up to date!
(2022-05-30 21:8:38) : [object Object]
(2022-05-30 21:8:50) : =====================(NEW EXECUTION OF MULTISTAR)======[...]
(2022-05-30 21:8:50) : [MULTISTAR] : Getting current version on the server...
(2022-05-30 21:8:50) : [object Object]
(2022-05-30 21:8:50) : [MULTISTAR] : You are up to date!
(2022-05-30 21:8:58) : =====================(NEW EXECUTION OF MULTISTAR)======[...]
(2022-05-30 21:8:58) : [MULTISTAR] : Getting current version on the server...
(2022-05-30 21:8:58) : [object Object]
(2022-05-30 21:8:58) : [MULTISTAR] : You are up to date!
(2022-05-30 21:9:7) : =====================(NEW EXECUTION OF MULTISTAR)======[...]
(2022-05-30 21:9:7) : [MULTISTAR] : Getting current version on the server...
(2022-05-30 21:9:7) : [object Object]
(2022-05-30 21:9:7) : [MULTISTAR] : You are up to date!
(2022-05-30 21:9:15) : =====================(NEW EXECUTION OF MULTISTAR)======[...]
(2022-05-30 21:9:15) : [MULTISTAR] : Getting current version on the server...
(2022-05-30 21:9:15) : [object Object]
(2022-05-30 21:9:15) : [MULTISTAR] : You are up to date!
(2022-05-30 21:9:26) : =====================(NEW EXECUTION OF MULTISTAR)======[...]
(2022-05-30 21:9:26) : [MULTISTAR] : Getting current version on the server...
(2022-05-30 21:9:26) : [MULTISTAR] : You are up to date!
(2022-05-30 21:9:26) : [object Object]
(2022-05-30 21:9:35) : =====================(NEW EXECUTION OF MULTISTAR)======[...]
(2022-05-30 21:9:35) : [MULTISTAR] : Getting current version on the server...
(2022-05-30 21:9:35) : [object Object]
(2022-05-30 21:9:35) : [MULTISTAR] : You are up to date!
(2022-05-30 21:10:20) : =====================(NEW EXECUTION OF MULTISTAR)======[...]
(2022-05-30 21:10:20) : [MULTISTAR] : Getting current version on the server...
(2022-05-30 21:10:20) : [object Object]
(2022-05-30 21:10:20) : [MULTISTAR] : You are up to date!
(2022-05-30 21:10:53) : =====================(NEW EXECUTION OF MULTISTAR)======[...]
(2022-05-30 21:10:53) : [MULTISTAR] : Getting current version on the server...
(2022-05-30 21:10:53) : [object Object]
(2022-05-30 21:10:53) : [MULTISTAR] : You are up to date!
(2022-05-30 21:11:27) : =====================(NEW EXECUTION OF MULTISTAR)======[...]
(2022-05-30 21:11:27) : [MULTISTAR] : Getting current version on the server...
(2022-05-30 21:11:27) : [object Object]
(2022-05-30 21:11:27) : [MULTISTAR] : You are up to date!
(2022-05-30 21:11:40) : =====================(NEW EXECUTION OF MULTISTAR)======[...]
(2022-05-30 21:11:40) : [MULTISTAR] : You are up to date!
(2022-05-30 21:11:40) : [MULTISTAR] : Getting current version on the server...
(2022-05-30 21:11:40) : [object Object]
(2022-05-30 21:11:54) : =====================(NEW EXECUTION OF MULTISTAR)======[...]
(2022-05-30 21:11:54) : [MULTISTAR] : Getting current version on the server...
(2022-05-30 21:11:54) : [object Object]
(2022-05-30 21:11:54) : [MULTISTAR] : You are up to date!
(2022-05-30 21:11:54) : [MSMC]: OS Type => Windows_NT
(2022-05-30 21:11:54) : reg query "HKEY_LOCAL_MACHINE\SOFTWARE\Microsoft\Window[...]
(2022-05-30 21:11:54) : reg query "HKEY_CURRENT_USER\SOFTWARE\Microsoft\Windows[...]
(2022-05-30 21:11:54) : reg query "HKEY_CURRENT_USER\SOFTWARE\Microsoft\Windows[...]
(2022-05-30 21:11:54) : reg query "HKEY_LOCAL_MACHINE\SOFTWARE\Microsoft\Window[...]
(2022-05-30 21:11:54) : reg query "HKEY_LOCAL_MACHINE\SOFTWARE\Microsoft\Window[...]
(2022-05-30 21:11:54) : reg query "HKEY_CURRENT_USER\SOFTWARE\Microsoft\Windows[...]
(2022-05-30 21:11:54) : reg query "HKEY_LOCAL_MACHINE\SOFTWARE\Microsoft\Window[...]
(2022-05-30 21:11:54) : reg query "HKEY_CURRENT_USER\SOFTWARE\Microsoft\Windows[...]
(2022-05-30 21:11:54) : reg query "HKEY_LOCAL_MACHINE\SOFTWARE\Microsoft\Window[...]
(2022-05-30 21:11:54) : [MSMC][Browser]: [13056:2740:0530/211206.943:error:assi[...]
(2022-05-30 21:11:54) : [MSMC][Browser]: devtools listening on ws://127.0.0.1:5[...]
(2022-05-30 21:11:54) : [MSMC]: Debug hook => http://127.0.0.1:54772
(2022-05-30 21:11:54) : [MSMC][Browser]: [13056:2740:0530/211208.343:error:proc[...]
(2022-05-30 21:11:54) : [MULTISTAR] : [Starting] : Loading (%)
(2022-05-30 21:11:54) : [MULTISTAR] : [Loading] : Loading (%)
(2022-05-30 21:11:54) : [MULTISTAR] : [Loading] : Loading (LoadingEvent)
(2022-05-30 21:11:54) : [MULTISTAR] : [Loading] : Loading (LoadingEvent)
(2022-05-30 21:11:54) : [MULTISTAR] : [Loading] : Loading (LoadingEvent)
(2022-05-30 21:11:54) : [MULTISTAR] : [Loading] : Loading (LoadingEvent)
(2022-05-30 21:11:54) : [MULTISTAR] : [Loading] : Loading (LoadingEvent)
(2022-05-30 21:11:54) : [MULTISTAR] : [Loading] : Loading (LoadingEvent)
(2022-05-30 21:11:54) : [MULTISTAR] : [Loading] : Loading (LoadingEvent)
(2022-05-30 21:11:54) : [MULTISTAR] : Logged in successfully !
(2022-05-30 21:11:54) : [MULTISTAR] : Getting account information...
(2022-05-30 21:12:31) : =====================(NEW EXECUTION OF MULTISTAR)======[...]
(2022-05-30 21:12:31) : [MULTISTAR] : Getting current version on the server...
(2022-05-30 21:12:31) : [object Object]
(2022-05-30 21:12:31) : [MULTISTAR] : You are up to date!
(2022-05-30 21:12:40) : =====================(NEW EXECUTION OF MULTISTAR)======[...]
(2022-05-30 21:12:40) : [MULTISTAR] : Getting current version on the server...
(2022-05-30 21:12:40) : [MULTISTAR] : You are up to date!
(2022-05-30 21:12:40) : [object Object]
(2022-05-30 21:13:4) : =====================(NEW EXECUTION OF MULTISTAR)======[...]
(2022-05-30 21:13:4) : [MULTISTAR] : Getting current version on the server...
(2022-05-30 21:13:4) : [object Object]
(2022-05-30 21:13:4) : [MULTISTAR] : You are up to date!
(2022-05-30 21:13:16) : =====================(NEW EXECUTION OF MULTISTAR)======[...]
(2022-05-30 21:13:16) : [MULTISTAR] : Getting current version on the server...
(2022-05-30 21:13:16) : [object Object]
(2022-05-30 21:13:16) : [MULTISTAR] : You are up to date!
(2022-05-30 21:13:37) : =====================(NEW EXECUTION OF MULTISTAR)======[...]
(2022-05-30 21:13:37) : [MULTISTAR] : Getting current version on the server...
(2022-05-30 21:13:37) : [object Object]
(2022-05-30 21:13:37) : [MULTISTAR] : You are up to date!
(2022-05-30 21:13:37) : [MSMC]: OS Type => Windows_NT
(2022-05-30 21:13:37) : reg query "HKEY_LOCAL_MACHINE\SOFTWARE\Microsoft\Window[...]
(2022-05-30 21:13:37) : reg query "HKEY_CURRENT_USER\SOFTWARE\Microsoft\Windows[...]
(2022-05-30 21:13:37) : reg query "HKEY_LOCAL_MACHINE\SOFTWARE\Microsoft\Window[...]
(2022-05-30 21:13:37) : reg query "HKEY_CURRENT_USER\SOFTWARE\Microsoft\Windows[...]
(2022-05-30 21:13:37) : reg query "HKEY_LOCAL_MACHINE\SOFTWARE\Microsoft\Window[...]
(2022-05-30 21:13:37) : reg query "HKEY_CURRENT_USER\SOFTWARE\Microsoft\Windows[...]
(2022-05-30 21:13:37) : reg query "HKEY_LOCAL_MACHINE\SOFTWARE\Microsoft\Window[...]
(2022-05-30 21:13:37) : reg query "HKEY_LOCAL_MACHINE\SOFTWARE\Microsoft\Window[...]
(2022-05-30 21:13:37) : reg query "HKEY_CURRENT_USER\SOFTWARE\Microsoft\Windows[...]
(2022-05-30 21:13:37) : [MSMC][Browser]: [5384:14776:0530/211348.041:error:assi[...]
(2022-05-30 21:13:37) : [MSMC][Browser]: devtools listening on ws://127.0.0.1:5[...]
(2022-05-30 21:13:37) : [MSMC]: Debug hook => http://127.0.0.1:54810
(2022-05-30 21:13:37) : [MULTISTAR] : [Starting] : Loading (%)
(2022-05-30 21:13:37) : [MULTISTAR] : [Loading] : Loading (%)
(2022-05-30 21:13:37) : [MULTISTAR] : [Loading] : Loading (LoadingEvent)
(2022-05-30 21:13:37) : [MULTISTAR] : [Loading] : Loading (LoadingEvent)
(2022-05-30 21:13:37) : [MULTISTAR] : [Loading] : Loading (LoadingEvent)
(2022-05-30 21:13:37) : [MULTISTAR] : [Loading] : Loading (LoadingEvent)
(2022-05-30 21:13:37) : [MULTISTAR] : [Loading] : Loading (LoadingEvent)
(2022-05-30 21:13:37) : [MULTISTAR] : Logged in successfully !
(2022-05-30 21:13:37) : [MULTISTAR] : [Loading] : Loading (LoadingEvent)
(2022-05-30 21:13:37) : [MULTISTAR] : [Loading] : Loading (LoadingEvent)
(2022-05-30 21:13:37) : [MULTISTAR] : Getting account information...
(2022-05-30 21:14:13) : =====================(NEW EXECUTION OF MULTISTAR)======[...]
(2022-05-30 21:14:13) : [MULTISTAR] : You are up to date!
(2022-05-30 21:14:13) : [MULTISTAR] : Getting current version on the server...
(2022-05-30 21:14:13) : [object Object]
(2022-05-30 21:14:45) : =====================(NEW EXECUTION OF MULTISTAR)======[...]
(2022-05-30 21:14:45) : [MULTISTAR] : Getting current version on the server...
(2022-05-30 21:14:45) : [MULTISTAR] : You are up to date!
(2022-05-30 21:14:45) : [object Object]
(2022-05-30 21:15:0) : =====================(NEW EXECUTION OF MULTISTAR)======[...]
(2022-05-30 21:15:0) : [MULTISTAR] : Getting current version on the server...
(2022-05-30 21:15:0) : [MULTISTAR] : You are up to date!
(2022-05-30 21:15:0) : [object Object]
(2022-05-30 21:15:0) : [MSMC]: OS Type => Windows_NT
(2022-05-30 21:15:0) : reg query "HKEY_LOCAL_MACHINE\SOFTWARE\Microsoft\Window[...]
(2022-05-30 21:15:0) : reg query "HKEY_CURRENT_USER\SOFTWARE\Microsoft\Windows[...]
(2022-05-30 21:15:0) : reg query "HKEY_LOCAL_MACHINE\SOFTWARE\Microsoft\Window[...]
(2022-05-30 21:15:0) : reg query "HKEY_LOCAL_MACHINE\SOFTWARE\Microsoft\Window[...]
(2022-05-30 21:15:0) : reg query "HKEY_CURRENT_USER\SOFTWARE\Microsoft\Windows[...]
(2022-05-30 21:15:0) : reg query "HKEY_CURRENT_USER\SOFTWARE\Microsoft\Windows[...]
(2022-05-30 21:15:0) : reg query "HKEY_LOCAL_MACHINE\SOFTWARE\Microsoft\Window[...]
(2022-05-30 21:15:0) : reg query "HKEY_LOCAL_MACHINE\SOFTWARE\Microsoft\Window[...]
(2022-05-30 21:15:0) : reg query "HKEY_CURRENT_USER\SOFTWARE\Microsoft\Windows[...]
(2022-05-30 21:15:0) : [MSMC][Browser]: [11336:15400:0530/211507.699:error:ass[...]
(2022-05-30 21:15:0) : [MSMC][Browser]: devtools listening on ws://127.0.0.1:5[...]
(2022-05-30 21:15:0) : [MSMC]: Debug hook => http://127.0.0.1:54851
(2022-05-30 21:15:0) : [MULTISTAR] : [Loading] : Loading (%)
(2022-05-30 21:15:0) : [MULTISTAR] : [Starting] : Loading (%)
(2022-05-30 21:15:0) : [MULTISTAR] : [Loading] : Loading (LoadingEvent)
(2022-05-30 21:15:0) : [MULTISTAR] : [Loading] : Loading (LoadingEvent)
(2022-05-30 21:15:0) : [MULTISTAR] : [Loading] : Loading (LoadingEvent)
(2022-05-30 21:15:0) : [MULTISTAR] : [Loading] : Loading (LoadingEvent)
(2022-05-30 21:15:0) : [MULTISTAR] : [Loading] : Loading (LoadingEvent)
(2022-05-30 21:15:0) : [MULTISTAR] : [Loading] : Loading (LoadingEvent)
(2022-05-30 21:15:0) : [MULTISTAR] : [Loading] : Loading (LoadingEvent)
(2022-05-30 21:15:0) : [MULTISTAR] : Logged in successfully !
(2022-05-30 21:15:0) : [MULTISTAR] : Getting account information...
(2022-05-30 21:15:0) : [MSMC][Browser]: [15472:15800:0530/211517.444:error:ass[...]
(2022-05-30 21:15:0) : [MSMC][Browser]: devtools listening on ws://127.0.0.1:5[...]
(2022-05-30 21:15:0) : [MSMC]: Debug hook => http://127.0.0.1:54877
(2022-05-30 21:15:0) : [MULTISTAR] : We failed to log someone in because : und[...]
(2022-05-30 21:15:34) : =====================(NEW EXECUTION OF MULTISTAR)======[...]
(2022-05-30 21:15:34) : [MULTISTAR] : Getting current version on the server...
(2022-05-30 21:15:34) : [MULTISTAR] : You are up to date!
(2022-05-30 21:15:34) : [object Object]
(2022-05-30 21:16:32) : =====================(NEW EXECUTION OF MULTISTAR)======[...]
(2022-05-30 21:16:32) : [MULTISTAR] : Getting current version on the server...
(2022-05-30 21:16:32) : [object Object]
(2022-05-30 21:16:32) : [MULTISTAR] : You are up to date!
(2022-05-30 21:16:32) : [MSMC]: OS Type => Windows_NT
(2022-05-30 21:16:32) : reg query "HKEY_LOCAL_MACHINE\SOFTWARE\Microsoft\Window[...]
(2022-05-30 21:16:32) : reg query "HKEY_CURRENT_USER\SOFTWARE\Microsoft\Windows[...]
(2022-05-30 21:16:32) : reg query "HKEY_CURRENT_USER\SOFTWARE\Microsoft\Windows[...]
(2022-05-30 21:16:32) : reg query "HKEY_LOCAL_MACHINE\SOFTWARE\Microsoft\Window[...]
(2022-05-30 21:16:32) : reg query "HKEY_LOCAL_MACHINE\SOFTWARE\Microsoft\Window[...]
(2022-05-30 21:16:32) : reg query "HKEY_CURRENT_USER\SOFTWARE\Microsoft\Windows[...]
(2022-05-30 21:16:32) : reg query "HKEY_LOCAL_MACHINE\SOFTWARE\Microsoft\Window[...]
(2022-05-30 21:16:32) : reg query "HKEY_CURRENT_USER\SOFTWARE\Microsoft\Windows[...]
(2022-05-30 21:16:32) : reg query "HKEY_LOCAL_MACHINE\SOFTWARE\Microsoft\Window[...]
(2022-05-30 21:16:32) : [MSMC][Browser]: [3800:11608:0530/211647.300:error:assi[...]
(2022-05-30 21:16:32) : [MSMC][Browser]: devtools listening on ws://127.0.0.1:4[...]
(2022-05-30 21:16:32) : [MSMC]: Debug hook => http://127.0.0.1:49551
(2022-05-30 21:16:32) : [MULTISTAR] : We failed to log someone in because : und[...]
(2022-05-30 21:17:42) : =====================(NEW EXECUTION OF MULTISTAR)======[...]
(2022-05-30 21:17:42) : [MULTISTAR] : You are up to date!
(2022-05-30 21:17:42) : [MULTISTAR] : Getting current version on the server...
(2022-05-30 21:17:42) : [object Object]
(2022-05-30 21:17:56) : =====================(NEW EXECUTION OF MULTISTAR)======[...]
(2022-05-30 21:17:56) : [MULTISTAR] : Getting current version on the server...
(2022-05-30 21:17:56) : [object Object]
(2022-05-30 21:17:56) : [MULTISTAR] : You are up to date!
(2022-05-30 21:17:56) : reg query "HKEY_LOCAL_MACHINE\SOFTWARE\Microsoft\Window[...]
(2022-05-30 21:17:56) : [MSMC]: OS Type => Windows_NT
(2022-05-30 21:17:56) : reg query "HKEY_LOCAL_MACHINE\SOFTWARE\Microsoft\Window[...]
(2022-05-30 21:17:56) : reg query "HKEY_CURRENT_USER\SOFTWARE\Microsoft\Windows[...]
(2022-05-30 21:17:56) : reg query "HKEY_CURRENT_USER\SOFTWARE\Microsoft\Windows[...]
(2022-05-30 21:17:56) : reg query "HKEY_LOCAL_MACHINE\SOFTWARE\Microsoft\Window[...]
(2022-05-30 21:17:56) : reg query "HKEY_CURRENT_USER\SOFTWARE\Microsoft\Windows[...]
(2022-05-30 21:17:56) : reg query "HKEY_LOCAL_MACHINE\SOFTWARE\Microsoft\Window[...]
(2022-05-30 21:17:56) : reg query "HKEY_CURRENT_USER\SOFTWARE\Microsoft\Windows[...]
(2022-05-30 21:17:56) : reg query "HKEY_LOCAL_MACHINE\SOFTWARE\Microsoft\Window[...]
(2022-05-30 21:17:56) : [MSMC][Browser]: [1244:14208:0530/211803.907:error:assi[...]
(2022-05-30 21:17:56) : [MSMC][Browser]: devtools listening on ws://127.0.0.1:4[...]
(2022-05-30 21:17:56) : [MSMC]: Debug hook => http://127.0.0.1:49575
(2022-05-30 21:17:56) : [MULTISTAR] : [Loading] : Loading (%)
(2022-05-30 21:17:56) : [MULTISTAR] : [Starting] : Loading (%)
(2022-05-30 21:17:56) : [MULTISTAR] : [Loading] : Loading (LoadingEvent)
(2022-05-30 21:17:56) : [MULTISTAR] : [Loading] : Loading (LoadingEvent)
(2022-05-30 21:17:56) : [MULTISTAR] : [Loading] : Loading (LoadingEvent)
(2022-05-30 21:17:56) : [MULTISTAR] : [Loading] : Loading (LoadingEvent)
(2022-05-30 21:17:56) : [MULTISTAR] : [Loading] : Loading (LoadingEvent)
(2022-05-30 21:17:56) : [MULTISTAR] : [Loading] : Loading (LoadingEvent)
(2022-05-30 21:17:56) : [MULTISTAR] : [Loading] : Loading (LoadingEvent)
(2022-05-30 21:17:56) : [MULTISTAR] : Logged in successfully !
(2022-05-30 21:17:56) : [MULTISTAR] : Getting account information...
