(2022-06-01 19:42:1) : [MULTISTAR] : Logged in successfully !
(2022-06-01 19:42:1) : [MULTISTAR] : Getting current version on the server...
(2022-06-01 19:42:1) : =====================(NEW EXECUTION OF MULTISTAR)=====================

(2022-06-01 19:42:1) : [MULTISTAR] : You are up to date!
(2022-06-01 19:42:1) : [object Object]
(2022-06-01 19:42:1) : [MULTISTAR] : Getting account information...
(2022-06-01 19:42:1) : [MULTISTAR] : Logged In !
(2022-06-01 19:43:29) : [MULTISTAR] : Logged in successfully !
(2022-06-01 19:43:29) : =====================(NEW EXECUTION OF MULTISTAR)=====================

(2022-06-01 19:43:29) : [MULTISTAR] : Getting current version on the server...
(2022-06-01 19:43:29) : [object Object]
(2022-06-01 19:43:29) : [MULTISTAR] : You are up to date!
(2022-06-01 19:43:29) : [MULTISTAR] : Getting account information...
(2022-06-01 19:43:29) : [MULTISTAR] : Logged In !
(2022-06-01 19:43:46) : [MULTISTAR] : Logged in successfully !
(2022-06-01 19:43:46) : =====================(NEW EXECUTION OF MULTISTAR)=====================

(2022-06-01 19:43:46) : [MULTISTAR] : Getting current version on the server...
(2022-06-01 19:43:46) : [object Object]
(2022-06-01 19:43:46) : [MULTISTAR] : You are up to date!
(2022-06-01 19:43:46) : [MULTISTAR] : Getting account information...
(2022-06-01 19:43:46) : [MULTISTAR] : Logged In !
(2022-06-01 19:44:48) : [MULTISTAR] : Logged in successfully !
(2022-06-01 19:44:48) : =====================(NEW EXECUTION OF MULTISTAR)=====================

(2022-06-01 19:44:48) : [MULTISTAR] : Getting current version on the server...
(2022-06-01 19:44:48) : [object Object]
(2022-06-01 19:44:48) : [MULTISTAR] : You are up to date!
(2022-06-01 19:44:48) : [MULTISTAR] : Getting account information...
(2022-06-01 19:44:48) : [MULTISTAR] : Logged In !
(2022-06-01 19:48:24) : [MULTISTAR] : Logged in successfully !
(2022-06-01 19:48:24) : [MULTISTAR] : Getting current version on the server...
(2022-06-01 19:48:24) : =====================(NEW EXECUTION OF MULTISTAR)=====================

(2022-06-01 19:48:24) : [object Object]
(2022-06-01 19:48:24) : [MULTISTAR] : You are up to date!
(2022-06-01 19:48:24) : [MULTISTAR] : Getting account information...
(2022-06-01 19:48:24) : [MULTISTAR] : Logged In !
(2022-06-01 19:48:38) : [MULTISTAR] : Logged in successfully !
(2022-06-01 19:48:38) : =====================(NEW EXECUTION OF MULTISTAR)=====================

(2022-06-01 19:48:38) : [MULTISTAR] : Getting current version on the server...
(2022-06-01 19:48:38) : [object Object]
(2022-06-01 19:48:38) : [MULTISTAR] : You are up to date!
(2022-06-01 19:48:38) : [MULTISTAR] : Getting account information...
(2022-06-01 19:48:38) : [MULTISTAR] : Logged In !
(2022-06-01 19:48:51) : [MULTISTAR] : Logged in successfully !
(2022-06-01 19:48:51) : =====================(NEW EXECUTION OF MULTISTAR)=====================

(2022-06-01 19:48:51) : [MULTISTAR] : Getting current version on the server...
(2022-06-01 19:48:51) : [object Object]
(2022-06-01 19:48:51) : [MULTISTAR] : You are up to date!
(2022-06-01 19:48:51) : [MULTISTAR] : Getting account information...
(2022-06-01 19:48:51) : [MULTISTAR] : Logged In !
(2022-06-01 19:48:51) : [MSMC]: OS Type => Windows_NT
(2022-06-01 19:48:51) : reg query "HKEY_LOCAL_MACHINE\SOFTWARE\Microsoft\Windows\CurrentVersion\App Paths\chrome.exe"
(2022-06-01 19:48:51) : [MSMC][Browser]: devtools listening on ws://127.0.0.1:59044/devtools/browser/9f98244c-ca5c-4fab-a384-13cba6568e26
(2022-06-01 19:48:51) : [MSMC]: Debug hook => http://127.0.0.1:59044
(2022-06-01 19:48:51) : [MSMC][Browser]: [9224:3300:0601/194913.184:error:account_info_fetcher.cc(62)] ongettokenfailure: invalid credentials (credentials rejected by server).
(2022-06-01 19:48:51) : [MULTISTAR] : We failed to log someone in because : undefined
(2022-06-01 19:51:0) : [MULTISTAR] : Logged in successfully !
(2022-06-01 19:51:0) : [object Object]
(2022-06-01 19:51:0) : =====================(NEW EXECUTION OF MULTISTAR)=====================

(2022-06-01 19:51:0) : [MULTISTAR] : Getting current version on the server...
(2022-06-01 19:51:0) : [MULTISTAR] : You are up to date!
(2022-06-01 19:51:0) : [MULTISTAR] : Getting account information...
(2022-06-01 19:51:0) : [MULTISTAR] : Logged In !
(2022-06-01 19:51:31) : [MULTISTAR] : Logged in successfully !
(2022-06-01 19:51:31) : [MULTISTAR] : Getting current version on the server...
(2022-06-01 19:51:31) : =====================(NEW EXECUTION OF MULTISTAR)=====================

(2022-06-01 19:51:31) : [object Object]
(2022-06-01 19:51:31) : [MULTISTAR] : You are up to date!
(2022-06-01 19:51:31) : [MULTISTAR] : Getting account information...
(2022-06-01 19:51:31) : [MULTISTAR] : Logged In !
(2022-06-01 19:51:42) : [MULTISTAR] : Logged in successfully !
(2022-06-01 19:51:42) : =====================(NEW EXECUTION OF MULTISTAR)=====================

(2022-06-01 19:51:42) : [MULTISTAR] : Getting current version on the server...
(2022-06-01 19:51:42) : [object Object]
(2022-06-01 19:51:42) : [MULTISTAR] : You are up to date!
(2022-06-01 19:51:42) : [MULTISTAR] : Getting account information...
(2022-06-01 19:51:42) : [MULTISTAR] : Logged In !
(2022-06-01 19:52:0) : [MULTISTAR] : Logged in successfully !
(2022-06-01 19:52:0) : =====================(NEW EXECUTION OF MULTISTAR)=====================

(2022-06-01 19:52:0) : [MULTISTAR] : Getting current version on the server...
(2022-06-01 19:52:0) : [object Object]
(2022-06-01 19:52:0) : [MULTISTAR] : You are up to date!
(2022-06-01 19:52:0) : [MULTISTAR] : Logged In !
(2022-06-01 19:52:0) : [MULTISTAR] : Getting account information...
(2022-06-01 19:52:0) : 4b4412-babd59-f03ca0-868398-830591
(2022-06-01 19:52:0) : [MULTISTAR] : Starting!
(2022-06-01 19:52:0) : [MULTISTAR] : [MCLC]: Using Java version 17.0.2 64-bit
(2022-06-01 19:52:0) : [MULTISTAR] : [MCLC]: Set native path to D:\Libraries\Developpement\MultiStar Launcher\clientsoftware\client\natives\1.18.1
(2022-06-01 19:52:0) : [MULTISTAR] : [MCLC]: Using ; to separate class paths
(2022-06-01 19:52:0) : [MULTISTAR] : [MCLC]: Attempting to download assets
(2022-06-01 19:52:0) : [MULTISTAR] : [MCLC]: Collected class paths
(2022-06-01 19:52:0) : [MSMC]: OS Type => Windows_NT
(2022-06-01 19:52:0) : reg query "HKEY_LOCAL_MACHINE\SOFTWARE\Microsoft\Windows\CurrentVersion\App Paths\chrome.exe"
(2022-06-01 19:52:0) : [MSMC][Browser]: devtools listening on ws://127.0.0.1:59169/devtools/browser/ac3a93fd-0312-47ad-9e96-e75c082fb571
(2022-06-01 19:52:0) : [MSMC]: Debug hook => http://127.0.0.1:59169
(2022-06-01 19:52:0) : [MULTISTAR] : We failed to log someone in because : undefined
(2022-06-01 19:52:23) : [MULTISTAR] : Not logged in ! Please log in !
(2022-06-01 19:52:23) : =====================(NEW EXECUTION OF MULTISTAR)=====================

(2022-06-01 19:52:23) : [MULTISTAR] : Getting current version on the server...
(2022-06-01 19:52:23) : [object Object]
(2022-06-01 19:52:23) : [MULTISTAR] : You are up to date!
(2022-06-01 19:52:23) : [MSMC]: OS Type => Windows_NT
(2022-06-01 19:52:23) : reg query "HKEY_LOCAL_MACHINE\SOFTWARE\Microsoft\Windows\CurrentVersion\App Paths\chrome.exe"
(2022-06-01 19:52:23) : [MSMC][Browser]: devtools listening on ws://127.0.0.1:59185/devtools/browser/1663fd6a-d826-4b0f-8854-c426979789a4
(2022-06-01 19:52:23) : [MSMC]: Debug hook => http://127.0.0.1:59185
(2022-06-01 19:52:23) : [MULTISTAR] : [Starting] : Loading (%)
(2022-06-01 19:52:23) : [MULTISTAR] : [Loading] : Loading (%)
(2022-06-01 19:52:23) : [MULTISTAR] : [Loading] : Loading (LoadingEvent)
(2022-06-01 19:52:23) : [MULTISTAR] : [Loading] : Loading (LoadingEvent)
(2022-06-01 19:52:23) : [MULTISTAR] : [Loading] : Loading (LoadingEvent)
(2022-06-01 19:52:23) : [MULTISTAR] : [Loading] : Loading (LoadingEvent)
(2022-06-01 19:52:23) : [MULTISTAR] : [Loading] : Loading (LoadingEvent)
(2022-06-01 19:52:23) : [MULTISTAR] : [Loading] : Loading (LoadingEvent)
(2022-06-01 19:52:23) : [MULTISTAR] : [Loading] : Loading (LoadingEvent)
(2022-06-01 19:52:23) : [MULTISTAR] : Logged in successfully !
(2022-06-01 19:52:23) : [MULTISTAR] : Getting account information...
(2022-06-01 19:54:37) : =====================(NEW EXECUTION OF MULTISTAR)=====================

(2022-06-01 19:54:37) : [MULTISTAR] : Getting current version on the server...
(2022-06-01 19:54:37) : [MULTISTAR] : Logged in successfully !
(2022-06-01 19:54:37) : [object Object]
(2022-06-01 19:54:37) : [MULTISTAR] : You are up to date!
(2022-06-01 19:54:37) : [MULTISTAR] : Getting account information...
(2022-06-01 19:54:37) : [MULTISTAR] : Logged In !
(2022-06-01 19:55:26) : [MULTISTAR] : Logged in successfully !
(2022-06-01 19:55:26) : =====================(NEW EXECUTION OF MULTISTAR)=====================

(2022-06-01 19:55:26) : [MULTISTAR] : Getting current version on the server...
(2022-06-01 19:55:26) : [object Object]
(2022-06-01 19:55:26) : [MULTISTAR] : You are up to date!
(2022-06-01 19:55:26) : [MULTISTAR] : Getting account information...
(2022-06-01 19:55:26) : [MULTISTAR] : Logged In !
(2022-06-01 19:58:22) : [MULTISTAR] : Logged in successfully !
(2022-06-01 19:58:22) : =====================(NEW EXECUTION OF MULTISTAR)=====================

(2022-06-01 19:58:22) : [MULTISTAR] : Getting current version on the server...
(2022-06-01 19:58:22) : [object Object]
(2022-06-01 19:58:22) : [MULTISTAR] : You are up to date!
(2022-06-01 19:58:22) : [MULTISTAR] : Getting account information...
(2022-06-01 19:58:22) : [MULTISTAR] : Logged In !
(2022-06-01 19:58:35) : [MULTISTAR] : Logged in successfully !
(2022-06-01 19:58:35) : [MULTISTAR] : Getting current version on the server...
(2022-06-01 19:58:35) : =====================(NEW EXECUTION OF MULTISTAR)=====================

(2022-06-01 19:58:35) : [MULTISTAR] : You are up to date!
(2022-06-01 19:58:35) : [object Object]
(2022-06-01 19:58:35) : [MULTISTAR] : Getting account information...
(2022-06-01 19:58:35) : [MULTISTAR] : Logged In !
(2022-06-01 19:59:16) : [MULTISTAR] : Logged in successfully !
(2022-06-01 19:59:16) : [object Object]
(2022-06-01 19:59:16) : =====================(NEW EXECUTION OF MULTISTAR)=====================

(2022-06-01 19:59:16) : [MULTISTAR] : Getting current version on the server...
(2022-06-01 19:59:16) : [MULTISTAR] : You are up to date!
(2022-06-01 19:59:16) : [MULTISTAR] : Getting account information...
(2022-06-01 19:59:16) : [MULTISTAR] : Logged In !
(2022-06-01 19:59:54) : [MULTISTAR] : Logged in successfully !
(2022-06-01 19:59:54) : =====================(NEW EXECUTION OF MULTISTAR)=====================

(2022-06-01 19:59:54) : [MULTISTAR] : Getting current version on the server...
(2022-06-01 19:59:54) : [object Object]
(2022-06-01 19:59:54) : [MULTISTAR] : You are up to date!
(2022-06-01 19:59:54) : [MULTISTAR] : Getting account information...
(2022-06-01 19:59:54) : [MULTISTAR] : Logged In !
(2022-06-01 20:1:52) : [MULTISTAR] : Logged in successfully !
(2022-06-01 20:1:52) : =====================(NEW EXECUTION OF MULTISTAR)=====================

(2022-06-01 20:1:52) : [MULTISTAR] : Getting current version on the server...
(2022-06-01 20:1:52) : [object Object]
(2022-06-01 20:1:52) : [MULTISTAR] : You are up to date!
(2022-06-01 20:1:52) : [MULTISTAR] : Getting account information...
(2022-06-01 20:1:52) : [MULTISTAR] : Logged In !
(2022-06-01 20:3:35) : [MULTISTAR] : Logged in successfully !
(2022-06-01 20:3:35) : =====================(NEW EXECUTION OF MULTISTAR)=====================

(2022-06-01 20:3:35) : [MULTISTAR] : Getting current version on the server...
(2022-06-01 20:3:35) : [object Object]
(2022-06-01 20:3:35) : [MULTISTAR] : You are up to date!
(2022-06-01 20:3:35) : [MULTISTAR] : Getting account information...
(2022-06-01 20:3:35) : [MULTISTAR] : Logged In !
